#
# There is insufficient memory for the Java Runtime Environment to continue.
# Native memory allocation (mmap) failed to map 132120576 bytes for G1 virtual space
# Possible reasons:
#   The system is out of physical RAM or swap space
#   The process is running with CompressedOops enabled, and the Java Heap may be blocking the growth of the native heap
# Possible solutions:
#   Reduce memory load on the system
#   Increase physical memory or swap space
#   Check if swap backing store is full
#   Decrease Java heap size (-Xmx/-Xms)
#   Decrease number of Java threads
#   Decrease Java thread stack sizes (-Xss)
#   Set larger code cache with -XX:ReservedCodeCacheSize=
#   JVM is running with Unscaled Compressed Oops mode in which the Java heap is
#     placed in the first 4GB address space. The Java Heap base address is the
#     maximum limit for the native heap growth. Please use -XX:HeapBaseMinAddress
#     to set the Java Heap base and to place the Java Heap above 4GB virtual address.
# This output file may be truncated or incomplete.
#
#  Out of Memory Error (os_windows.cpp:3747), pid=17548, tid=8624
#
# JRE version:  (17.0.3+7) (build )
# Java VM: OpenJDK 64-Bit Server VM (17.0.3+7-b469.32, mixed mode, sharing, tiered, compressed oops, compressed class ptrs, g1 gc, windows-amd64)
# No core dump will be written. Minidumps are not enabled by default on client versions of Windows
#

---------------  S U M M A R Y ------------

Command Line: git4idea.http.GitAskPassApp Username for 'https://github.com': 

Host: Intel(R) Core(TM) i5-8265U CPU @ 1.60GHz, 8 cores, 7G,  Windows 11 , 64 bit Build 22000 (10.0.22000.708)
Time: Sat Oct  8 23:32:36 2022  Windows 11 , 64 bit Build 22000 (10.0.22000.708) elapsed time: 0.021768 seconds (0d 0h 0m 0s)

---------------  T H R E A D  ---------------

Current thread (0x0000020fa6214170):  JavaThread "Unknown thread" [_thread_in_vm, id=8624, stack(0x000000ef86b00000,0x000000ef86c00000)]

Stack: [0x000000ef86b00000,0x000000ef86c00000]
Native frames: (J=compiled Java code, j=interpreted, Vv=VM code, C=native code)
V  [jvm.dll+0x681f8a]
V  [jvm.dll+0x83e374]
V  [jvm.dll+0x83fb1e]
V  [jvm.dll+0x840183]
V  [jvm.dll+0x2492a5]
V  [jvm.dll+0x67ee59]
V  [jvm.dll+0x67355a]
V  [jvm.dll+0x308fab]
V  [jvm.dll+0x310466]
V  [jvm.dll+0x3601de]
V  [jvm.dll+0x36040f]
V  [jvm.dll+0x2df098]
V  [jvm.dll+0x2e0004]
V  [jvm.dll+0x80fc61]
V  [jvm.dll+0x36df61]
V  [jvm.dll+0x7ef17c]
V  [jvm.dll+0x3f10ef]
V  [jvm.dll+0x3f2c31]
C  [jli.dll+0x526b]
C  [ucrtbase.dll+0x26c0c]
C  [KERNEL32.DLL+0x154e0]
C  [ntdll.dll+0x485b]


---------------  P R O C E S S  ---------------

Threads class SMR info:
_java_thread_list=0x00007fffd89b6f18, length=0, elements={
}

Java Threads: ( => current thread )

Other Threads:
  0x0000020fa626e1d0 GCTaskThread "GC Thread#0" [stack: 0x000000ef86c00000,0x000000ef86d00000] [id=14388]
  0x0000020fa6281de0 ConcurrentGCThread "G1 Main Marker" [stack: 0x000000ef86d00000,0x000000ef86e00000] [id=21124]
  0x0000020fa6283e40 ConcurrentGCThread "G1 Conc#0" [stack: 0x000000ef86e00000,0x000000ef86f00000] [id=17676]

[error occurred during error reporting (printing all threads), id 0xc0000005, EXCEPTION_ACCESS_VIOLATION (0xc0000005) at pc=0x00007fffd816fc57]

VM state: not at safepoint (not fully initialized)

VM Mutex/Monitor currently owned by a thread:  ([mutex/lock_event])
[0x0000020fa620e420] Heap_lock - owner thread: 0x0000020fa6214170

Heap address: 0x0000000082600000, size: 2010 MB, Compressed Oops mode: 32-bit

CDS archive(s) mapped at: [0x0000000000000000-0x0000000000000000-0x0000000000000000), size 0, SharedBaseAddress: 0x0000000800000000, ArchiveRelocationMode: 0.
Narrow klass base: 0x0000000000000000, Narrow klass shift: 0, Narrow klass range: 0x0

GC Precious Log:
<Empty>

Heap:
 garbage-first heap   total 0K, used 0K [0x0000000082600000, 0x0000000100000000)
  region size 1024K, 0 young (0K), 0 survivors (0K)

[error occurred during error reporting (printing heap information), id 0xc0000005, EXCEPTION_ACCESS_VIOLATION (0xc0000005) at pc=0x00007fffd855bbd9]

GC Heap History (0 events):
No events

Deoptimization events (0 events):
No events

Classes unloaded (0 events):
No events

Classes redefined (0 events):
No events

Internal exceptions (0 events):
No events

VM Operations (0 events):
No events

Events (1 events):
Event: 0.012 Loaded shared library D:\AppData\JetBrains\Toolbox\apps\PyCharm-C\ch-0\222.3345.131\jbr\bin\java.dll


Dynamic libraries:
0x00007ff65aa70000 - 0x00007ff65aa7a000 	D:\AppData\JetBrains\Toolbox\apps\PyCharm-C\ch-0\222.3345.131\jbr\bin\java.exe
0x00007ff8633e0000 - 0x00007ff8635e9000 	C:\WINDOWS\SYSTEM32\ntdll.dll
0x00007ff8625c0000 - 0x00007ff86267d000 	C:\WINDOWS\System32\KERNEL32.DLL
0x00007ff8609f0000 - 0x00007ff860d6c000 	C:\WINDOWS\System32\KERNELBASE.dll
0x00007ff8610d0000 - 0x00007ff8611e1000 	C:\WINDOWS\System32\ucrtbase.dll
0x00007ff83a960000 - 0x00007ff83a977000 	D:\AppData\JetBrains\Toolbox\apps\PyCharm-C\ch-0\222.3345.131\jbr\bin\jli.dll
0x00007ff836450000 - 0x00007ff83646b000 	D:\AppData\JetBrains\Toolbox\apps\PyCharm-C\ch-0\222.3345.131\jbr\bin\VCRUNTIME140.dll
0x00007ff8626c0000 - 0x00007ff86286d000 	C:\WINDOWS\System32\USER32.dll
0x00007ff860ee0000 - 0x00007ff860f06000 	C:\WINDOWS\System32\win32u.dll
0x00007ff847ba0000 - 0x00007ff847e45000 	C:\WINDOWS\WinSxS\amd64_microsoft.windows.common-controls_6595b64144ccf1df_6.0.22000.120_none_9d947278b86cc467\COMCTL32.dll
0x00007ff862e30000 - 0x00007ff862ed3000 	C:\WINDOWS\System32\msvcrt.dll
0x00007ff863360000 - 0x00007ff863389000 	C:\WINDOWS\System32\GDI32.dll
0x00007ff860fb0000 - 0x00007ff8610c9000 	C:\WINDOWS\System32\gdi32full.dll
0x00007ff860f10000 - 0x00007ff860fad000 	C:\WINDOWS\System32\msvcp_win.dll
0x00007ff862680000 - 0x00007ff8626b1000 	C:\WINDOWS\System32\IMM32.DLL
0x00007ff85cf80000 - 0x00007ff85cf8c000 	D:\AppData\JetBrains\Toolbox\apps\PyCharm-C\ch-0\222.3345.131\jbr\bin\vcruntime140_1.dll
0x00007ffffb600000 - 0x00007ffffb68d000 	D:\AppData\JetBrains\Toolbox\apps\PyCharm-C\ch-0\222.3345.131\jbr\bin\msvcp140.dll
0x00007fffd7e80000 - 0x00007fffd8ae8000 	D:\AppData\JetBrains\Toolbox\apps\PyCharm-C\ch-0\222.3345.131\jbr\bin\server\jvm.dll
0x00007ff8632b0000 - 0x00007ff86335e000 	C:\WINDOWS\System32\ADVAPI32.dll
0x00007ff862520000 - 0x00007ff8625be000 	C:\WINDOWS\System32\sechost.dll
0x00007ff861530000 - 0x00007ff861650000 	C:\WINDOWS\System32\RPCRT4.dll
0x00007ff863390000 - 0x00007ff863398000 	C:\WINDOWS\System32\PSAPI.DLL
0x00007ff8457e0000 - 0x00007ff8457e9000 	C:\WINDOWS\SYSTEM32\WSOCK32.dll
0x00007ff85a680000 - 0x00007ff85a6b3000 	C:\WINDOWS\SYSTEM32\WINMM.dll
0x00007ff857bf0000 - 0x00007ff857bfa000 	C:\WINDOWS\SYSTEM32\VERSION.dll
0x00007ff861650000 - 0x00007ff8616bf000 	C:\WINDOWS\System32\WS2_32.dll
0x00007ff85fa30000 - 0x00007ff85fa48000 	C:\WINDOWS\SYSTEM32\kernel.appcore.dll
0x00007ff85cfc0000 - 0x00007ff85cfca000 	D:\AppData\JetBrains\Toolbox\apps\PyCharm-C\ch-0\222.3345.131\jbr\bin\jimage.dll
0x00007ff84ebb0000 - 0x00007ff84edd1000 	C:\WINDOWS\SYSTEM32\DBGHELP.DLL
0x00007ff848d20000 - 0x00007ff848d51000 	C:\WINDOWS\SYSTEM32\dbgcore.DLL
0x00007ff8611f0000 - 0x00007ff86126f000 	C:\WINDOWS\System32\bcryptPrimitives.dll
0x00007ff84e8e0000 - 0x00007ff84e905000 	D:\AppData\JetBrains\Toolbox\apps\PyCharm-C\ch-0\222.3345.131\jbr\bin\java.dll

dbghelp: loaded successfully - version: 4.0.5 - missing functions: none
symbol engine: initialized successfully - sym options: 0x614 - pdb path: .;D:\AppData\JetBrains\Toolbox\apps\PyCharm-C\ch-0\222.3345.131\jbr\bin;C:\WINDOWS\SYSTEM32;C:\WINDOWS\WinSxS\amd64_microsoft.windows.common-controls_6595b64144ccf1df_6.0.22000.120_none_9d947278b86cc467;D:\AppData\JetBrains\Toolbox\apps\PyCharm-C\ch-0\222.3345.131\jbr\bin\server

VM Arguments:
java_command: git4idea.http.GitAskPassApp Username for 'https://github.com': 
java_class_path (initial): D:/AppData/JetBrains/Toolbox/apps/PyCharm-C/ch-0/222.3345.131/plugins/git4idea/lib/git4idea-rt.jar;D:/AppData/JetBrains/Toolbox/apps/PyCharm-C/ch-0/222.3345.131/lib/externalProcess-rt.jar;D:/AppData/JetBrains/Toolbox/apps/PyCharm-C/ch-0/222.3345.131/lib/app.jar;D:/AppData/JetBrains/Toolbox/apps/PyCharm-C/ch-0/222.3345.131/lib/3rd-party-rt.jar
Launcher Type: SUN_STANDARD

[Global flags]
     intx CICompilerCount                          = 4                                         {product} {ergonomic}
     uint ConcGCThreads                            = 2                                         {product} {ergonomic}
     uint G1ConcRefinementThreads                  = 8                                         {product} {ergonomic}
   size_t G1HeapRegionSize                         = 1048576                                   {product} {ergonomic}
    uintx GCDrainStackTargetSize                   = 64                                        {product} {ergonomic}
   size_t InitialHeapSize                          = 132120576                                 {product} {ergonomic}
   size_t MarkStackSize                            = 4194304                                   {product} {ergonomic}
   size_t MaxHeapSize                              = 2107637760                                {product} {ergonomic}
   size_t MinHeapDeltaBytes                        = 1048576                                   {product} {ergonomic}
   size_t MinHeapSize                              = 8388608                                   {product} {ergonomic}
    uintx NonNMethodCodeHeapSize                   = 5839372                                {pd product} {ergonomic}
    uintx NonProfiledCodeHeapSize                  = 122909434                              {pd product} {ergonomic}
    uintx ProfiledCodeHeapSize                     = 122909434                              {pd product} {ergonomic}
    uintx ReservedCodeCacheSize                    = 251658240                              {pd product} {ergonomic}
     bool SegmentedCodeCache                       = true                                      {product} {ergonomic}
   size_t SoftMaxHeapSize                          = 2107637760                             {manageable} {ergonomic}
     bool UseCompressedClassPointers               = true                           {product lp64_product} {ergonomic}
     bool UseCompressedOops                        = true                           {product lp64_product} {ergonomic}
     bool UseG1GC                                  = true                                      {product} {ergonomic}
     bool UseLargePagesIndividualAllocation        = false                                  {pd product} {ergonomic}

Logging:
Log output configuration:
 #0: stdout all=warning uptime,level,tags
 #1: stderr all=off uptime,level,tags

Environment Variables:
JAVA_HOME=D:\AppData\MYJdk\jdk1.8.0_45
CLASSPATH=.;D:\AppData\MYJdk\jdk1.8.0_45\lib;D:\AppData\MYJdk\jdk1.8.0_45\lib\tools.jar
PATH=D:/AppData/GitFiles/Git/mingw64/libexec/git-core;D:/AppData/GitFiles/Git/mingw64/libexec/git-core;D:\AppData\GitFiles\Git\mingw64\bin;D:\AppData\GitFiles\Git\usr\bin;C:\Users\LianYu\bin;C:\Windows\system32;C:\Windows;C:\Windows\System32\Wbem;C:\Windows\System32\WindowsPowerShell\v1.0\;C:\Windows\System32\OpenSSH\;C:\Program Files\Intel\WiFi\bin\;C:\Program Files\Common Files\Intel\WirelessCommon\;C:\Program Files (x86)\NVIDIA Corporation\PhysX\Common;C:\Program Files\NVIDIA Corporation\NVIDIA NvDLISR;C:\WINDOWS\system32;C:\WINDOWS;C:\WINDOWS\System32\Wbem;C:\WINDOWS\System32\WindowsPowerShell\v1.0\;C:\WINDOWS\System32\OpenSSH\;D:\AppData\MYJdk\jdk1.8.0_45\bin;E:\software\Bandizip\;D:\AppData\python\python3.10\Scripts;D:\AppData\Git\cmd;D:\AppData\GitFiles\bin;D:\AppData\python\python3.10\Scripts\;D:\AppData\python\python3.10\;C:\Users\LianYu\AppData\Local\Microsoft\WindowsApps;C:\Users\LianYu\AppData\Local\JetBrains\Toolbox\scripts;D:\AppData\JetBrains\Toolbox\scripts;D:\AppData\GitFiles\Git;D:\AppData\GitFiles\Git\mingw64\bin;D:\AppData\GitFiles\Git\mingw64\libexec\git-core
USERNAME=LianYu
DISPLAY=:0.0
LC_ALL=en_US.UTF-8
OS=Windows_NT
PROCESSOR_IDENTIFIER=Intel64 Family 6 Model 142 Stepping 11, GenuineIntel



---------------  S Y S T E M  ---------------

OS:
 Windows 11 , 64 bit Build 22000 (10.0.22000.708)
OS uptime: 0 days 8:49 hours

CPU: total 8 (initial active 8) (4 cores per cpu, 2 threads per core) family 6 model 142 stepping 11 microcode 0xde, cx8, cmov, fxsr, ht, mmx, 3dnowpref, sse, sse2, sse3, ssse3, sse4.1, sse4.2, popcnt, lzcnt, tsc, tscinvbit, avx, avx2, aes, erms, clmul, bmi1, bmi2, adx, fma, vzeroupper, clflush, clflushopt

Memory: 4k page, system-wide physical 8037M (1083M free)
TotalPageFile size 11037M (AvailPageFile size 47M)
current process WorkingSet (physical memory assigned to process): 10M, peak: 10M
current process commit charge ("private bytes"): 60M, peak: 186M

vm_info: OpenJDK 64-Bit Server VM (17.0.3+7-b469.32) for windows-amd64 JRE (17.0.3+7-b469.32), built on 2022-07-19 by "builduser" with MS VC++ 16.10 / 16.11 (VS2019)

END.
